[2021/11/30 14:14:44]top.kkoishi.log.Event:Create new Image file!Location:D:\ProjectJava\PixPainter_es3\out\artifacts\PixPainter_es3_jar\.\g2d\test.png
[2021/11/30 14:14:52]top.kkoishi.log.Event:Success to set color tojava.awt.Color[r=255,g=0,b=0]
[2021/11/30 14:15:10]top.kkoishi.log.Event:Success to set font
[2021/11/30 14:15:23]top.kkoishi.log.Event: Draw a line with the color java.awt.Color[r=255,g=0,b=0]
[2021/11/30 14:15:26]top.kkoishi.log.Event:Export success!The draw board is empty now.
[2021/11/30 14:16:37]top.kkoishi.log.Event:Create new Image file!Location:D:\ProjectJava\PixPainter_es3\out\artifacts\PixPainter_es3_jar\.\graph.png
[2021/11/30 14:16:37]top.kkoishi.log.Event:The workspace has changed to C:/Users/DELL/Desktop/kscript/export
[2021/11/30 14:16:37]top.kkoishi.log.Event:Success to set font
[2021/11/30 14:16:37]top.kkoishi.log.Error: Error color type.

[2021/11/30 14:16:37]top.kkoishi.log.Event:Draw circle(radix = 100) at (100,100)
[2021/11/30 14:16:37]top.kkoishi.log.Event:Draw the string "start-point"
[2021/11/30 14:16:37]top.kkoishi.log.Event:Export success!The draw board is empty now.
[2021/11/30 14:16:37]top.kkoishi.log.Exception: top.kkoishi.log.Exception:Export failed.
Can't create an ImageOutputStream!
[2021/11/30 14:19:51]top.kkoishi.log.Event:Create new Image file!Location:D:\ProjectJava\PixPainter_es3\out\artifacts\PixPainter_es3_jar2\.\g2d\runle.png
[2021/11/30 14:19:53]top.kkoishi.log.Event:Export success!The draw board is empty now.
[2021/11/30 14:21:0]top.kkoishi.log.Event:Create new Image file!Location:D:\ProjectJava\PixPainter_es3\out\artifacts\PixPainter_es3_jar2\.\Graph.png
[2021/11/30 14:21:0]top.kkoishi.log.Event:The workspace has changed to C:/Users/DELL/Desktop
[2021/11/30 14:21:0]top.kkoishi.log.Event:Success to set font
[2021/11/30 14:21:0]top.kkoishi.log.Event:Success to set color tojava.awt.Color[r=255,g=0,b=0]
[2021/11/30 14:21:0]top.kkoishi.log.Event:Draw circle(radix = 50) at (500,50)
[2021/11/30 14:21:0]top.kkoishi.log.Event:Draw circle(radix = 50) at (340,200)
[2021/11/30 14:21:0]top.kkoishi.log.Event:Draw circle(radix = 50) at (660,200)
[2021/11/30 14:21:0]top.kkoishi.log.Event:Draw circle(radix = 50) at (180,350)
[2021/11/30 14:21:0]top.kkoishi.log.Event:Draw circle(radix = 50) at (500,350)
[2021/11/30 14:21:0]top.kkoishi.log.Event:Draw circle(radix = 50) at (820,350)
[2021/11/30 14:21:0]top.kkoishi.log.Event:Draw circle(radix = 50) at (820,600)
[2021/11/30 14:21:0]top.kkoishi.log.Event:Success to set color tojava.awt.Color[r=0,g=255,b=0]
[2021/11/30 14:21:0]top.kkoishi.log.Event:Draw circle(radix = 100) at (500,800)
[2021/11/30 14:21:0]top.kkoishi.log.Event:Success to set color tojava.awt.Color[r=0,g=255,b=255]
[2021/11/30 14:21:0]top.kkoishi.log.Event: Draw a line with the color java.awt.Color[r=0,g=255,b=255]
[2021/11/30 14:21:0]top.kkoishi.log.Event: Draw a line with the color java.awt.Color[r=0,g=255,b=255]
[2021/11/30 14:21:0]top.kkoishi.log.Event: Draw a line with the color java.awt.Color[r=0,g=255,b=255]
[2021/11/30 14:21:0]top.kkoishi.log.Event: Draw a line with the color java.awt.Color[r=0,g=255,b=255]
[2021/11/30 14:21:0]top.kkoishi.log.Event: Draw a line with the color java.awt.Color[r=0,g=255,b=255]
[2021/11/30 14:21:0]top.kkoishi.log.Event:Success to set color tojava.awt.Color[r=255,g=175,b=175]
[2021/11/30 14:21:0]top.kkoishi.log.Event: Draw a line with the color java.awt.Color[r=255,g=175,b=175]
[2021/11/30 14:21:0]top.kkoishi.log.Event:Draw the string "start"
[2021/11/30 14:21:0]top.kkoishi.log.Event:Draw the string "a1"
[2021/11/30 14:21:0]top.kkoishi.log.Event:Draw the string "a2"
[2021/11/30 14:21:0]top.kkoishi.log.Event:Draw the string "b1"
[2021/11/30 14:21:0]top.kkoishi.log.Event:Draw the string "b2"
[2021/11/30 14:21:0]top.kkoishi.log.Event:Draw the string "b3"
[2021/11/30 14:21:0]top.kkoishi.log.Event:Draw the string "rua~~"
[2021/11/30 14:21:0]top.kkoishi.log.Event:Draw the string "end"
[2021/11/30 14:21:0]top.kkoishi.log.Event: Draw a polyline with 5points
[2021/11/30 14:21:0]top.kkoishi.log.Event: Draw a polyline with 4points
[2021/11/30 14:21:0]top.kkoishi.log.Event: Draw a line with the color java.awt.Color[r=255,g=175,b=175]
[2021/11/30 14:21:0]top.kkoishi.log.Event:Export success!The draw board is empty now.
[2021/11/31 9:34:10]top.kkoishi.log.Event: Load icon files, decompress dat file state:true
[2021/11/31 9:34:10]Successfully set icon.
[2021/11/31 9:35:7]top.kkoishi.log.Event: Load icon files, decompress dat file state:true
[2021/11/31 9:35:7]Successfully set icon.
